\BOOKMARK [1][-]{section.1}{\376\377\000R\000o\000u\000t\000e\000\040\000B\000\040\000F\000o\000r\000e\000n\000s\000i\000c\000\040\000A\000u\000d\000i\000t\000\040\000P\000l\000a\000y\000b\000o\000o\000k}{}% 1
\BOOKMARK [2][-]{subsection.1.1}{\376\377\000G\000l\000o\000b\000a\000l\000\040\000A\000u\000d\000i\000t\000\040\000M\000e\000t\000h\000o\000d\000o\000l\000o\000g\000y}{section.1}% 2
\BOOKMARK [2][-]{subsection.1.2}{\376\377\000A\000c\000t\000i\000v\000e\000\040\000R\000o\000u\000t\000e\000\040\000B\000\040\000S\000o\000u\000r\000c\000e\000s\000\040\000\050\000r\000i\000e\000m\000a\000n\000n\000/\000n\000o\000-\000z\000e\000r\000o\000s\000\051}{section.1}% 3
\BOOKMARK [3][-]{subsubsection.1.2.1}{\376\377\000R\000o\000o\000t\000\040\000u\000t\000i\000l\000i\000t\000i\000e\000s}{subsection.1.2}% 4
\BOOKMARK [3][-]{subsubsection.1.2.2}{\376\377\000P\000r\000o\000o\000f\000\040\000L\000a\000y\000e\000r\000\040\000\050\000r\000i\000e\000m\000a\000n\000n\000/\000n\000o\000-\000z\000e\000r\000o\000s\000/\000r\000h\000/\000P\000r\000o\000o\000f\000\051}{subsection.1.2}% 5
\BOOKMARK [3][-]{subsubsection.1.2.3}{\376\377\000C\000e\000r\000t\000i\000f\000i\000c\000a\000t\000i\000o\000n\000\040\000l\000a\000y\000e\000r\000\040\000\050\000r\000i\000e\000m\000a\000n\000n\000/\000n\000o\000-\000z\000e\000r\000o\000s\000/\000r\000h\000/\000C\000e\000r\000t\000\051}{subsection.1.2}% 6
\BOOKMARK [3][-]{subsubsection.1.2.4}{\376\377\000A\000c\000a\000d\000e\000m\000i\000c\000\040\000f\000r\000a\000m\000e\000w\000o\000r\000k\000\040\000\050\000r\000i\000e\000m\000a\000n\000n\000/\000n\000o\000-\000z\000e\000r\000o\000s\000/\000r\000h\000/\000a\000c\000a\000d\000e\000m\000i\000c\000\137\000f\000r\000a\000m\000e\000w\000o\000r\000k\000/\000*\000*\000\051}{subsection.1.2}% 7
\BOOKMARK [3][-]{subsubsection.1.2.5}{\376\377\000R\000S\000\040\000l\000a\000y\000e\000r\000\040\000\050\000r\000i\000e\000m\000a\000n\000n\000/\000n\000o\000-\000z\000e\000r\000o\000s\000/\000r\000h\000/\000R\000S\000/\000*\000*\000\051}{subsection.1.2}% 8
\BOOKMARK [3][-]{subsubsection.1.2.6}{\376\377\000A\000n\000a\000l\000y\000t\000i\000c\000\040\000n\000u\000m\000b\000e\000r\000\040\000t\000h\000e\000o\000r\000y\000\040\000h\000e\000l\000p\000e\000r\000s}{subsection.1.2}% 9
\BOOKMARK [3][-]{subsubsection.1.2.7}{\376\377\000O\000t\000h\000e\000r\000\040\000r\000o\000o\000t\000\040\000f\000i\000l\000e\000s}{subsection.1.2}% 10
\BOOKMARK [2][-]{subsection.1.3}{\376\377\000A\000r\000c\000h\000i\000v\000e\000\040\000/\000\040\000L\000e\000g\000a\000c\000y\000\040\000R\000o\000u\000t\000e\000\040\000B\000\040\000S\000o\000u\000r\000c\000e\000s}{section.1}% 11
\BOOKMARK [2][-]{subsection.1.4}{\376\377\000R\000e\000p\000o\000r\000t\000i\000n\000g\000\040\000T\000e\000m\000p\000l\000a\000t\000e}{section.1}% 12
\BOOKMARK [2][-]{subsection.1.5}{\376\377\000F\000i\000n\000a\000l\000\040\000S\000t\000e\000p\000s}{section.1}% 13
\BOOKMARK [2][-]{subsection.1.6}{\376\377\000A\000u\000d\000i\000t\000\040\000L\000o\000g\000\040\000\050\000i\000n\000\040\000p\000r\000o\000g\000r\000e\000s\000s\000\051}{section.1}% 14
\BOOKMARK [3][-]{subsubsection.1.6.1}{\376\377\000R\000o\000o\000t\000\040\000U\000t\000i\000l\000i\000t\000y\000\040\000F\000i\000l\000e\000s}{subsection.1.6}% 15
\BOOKMARK [3][-]{subsubsection.1.6.2}{\376\377\000P\000r\000o\000o\000f\000\040\000L\000a\000y\000e\000r\000\040\000\050\000r\000i\000e\000m\000a\000n\000n\000/\000n\000o\000-\000z\000e\000r\000o\000s\000/\000r\000h\000/\000P\000r\000o\000o\000f\000\051}{subsection.1.6}% 16
\BOOKMARK [3][-]{subsubsection.1.6.3}{\376\377\000C\000e\000r\000t\000i\000f\000i\000c\000a\000t\000i\000o\000n\000\040\000L\000a\000y\000e\000r\000\040\000\050\000r\000i\000e\000m\000a\000n\000n\000/\000n\000o\000-\000z\000e\000r\000o\000s\000/\000r\000h\000/\000C\000e\000r\000t\000\051}{subsection.1.6}% 17
\BOOKMARK [3][-]{subsubsection.1.6.4}{\376\377\000A\000c\000a\000d\000e\000m\000i\000c\000\040\000F\000r\000a\000m\000e\000w\000o\000r\000k\000\040\000\050\000r\000i\000e\000m\000a\000n\000n\000/\000n\000o\000-\000z\000e\000r\000o\000s\000/\000r\000h\000/\000a\000c\000a\000d\000e\000m\000i\000c\000\137\000f\000r\000a\000m\000e\000w\000o\000r\000k\000/\000*\000*\000\051}{subsection.1.6}% 18
\BOOKMARK [3][-]{subsubsection.1.6.5}{\376\377\000M\000a\000n\000u\000a\000l\000\040\000D\000e\000e\000p\000\040\000R\000e\000v\000i\000e\000w\000s\000\040\000\050\000i\000n\000\040\000p\000r\000o\000g\000r\000e\000s\000s\000\051}{subsection.1.6}% 19
\BOOKMARK [3][-]{subsubsection.1.6.6}{\376\377\000R\000S\000\040\000L\000a\000y\000e\000r\000\040\000\050\000r\000i\000e\000m\000a\000n\000n\000/\000n\000o\000-\000z\000e\000r\000o\000s\000/\000r\000h\000/\000R\000S\000/\000*\000*\000\051}{subsection.1.6}% 20
\BOOKMARK [3][-]{subsubsection.1.6.7}{\376\377\000A\000n\000a\000l\000y\000t\000i\000c\000\040\000N\000u\000m\000b\000e\000r\000\040\000T\000h\000e\000o\000r\000y\000\040\000+\000\040\000M\000i\000s\000c}{subsection.1.6}% 21
\BOOKMARK [3][-]{subsubsection.1.6.8}{\376\377\000A\000r\000c\000h\000i\000v\000e\000\040\000/\000\040\000L\000e\000g\000a\000c\000y\000\040\000R\000o\000u\000t\000e\000\040\000B\000\040\000T\000r\000e\000e}{subsection.1.6}% 22
\BOOKMARK [3][-]{subsubsection.1.6.9}{\376\377\000F\000i\000n\000a\000l\000\040\000C\000h\000e\000c\000k\000s\000\040\000\040\000C\000l\000o\000s\000u\000r\000e}{subsection.1.6}% 23
